{"contracts/ProofOfLicenseOracle.sol":{"l":{"25":1,"38":5,"47":2,"59":2,"69":3,"70":2,"71":2,"82":2,"83":2},"path":"/Volumes/Data/Clients/consensys/lor/truffle/contracts/ProofOfLicenseOracle.sol","s":{"1":1,"2":5,"3":2,"4":2,"5":3,"6":2,"7":2,"8":2,"9":2},"b":{"1":[2,1]},"f":{"1":1,"2":5,"3":2,"4":2,"5":3,"6":2},"fnMap":{"1":{"name":null,"line":24,"loc":{"start":{"line":24,"column":2},"end":{"line":24,"column":45}}},"2":{"name":"proofFor","line":33,"loc":{"start":{"line":33,"column":2},"end":{"line":37,"column":3}}},"3":{"name":"storeProof","line":44,"loc":{"start":{"line":44,"column":2},"end":{"line":46,"column":3}}},"4":{"name":"hasProof","line":54,"loc":{"start":{"line":54,"column":2},"end":{"line":58,"column":3}}},"5":{"name":"notarize","line":66,"loc":{"start":{"line":66,"column":2},"end":{"line":68,"column":3}}},"6":{"name":"checkLicense","line":77,"loc":{"start":{"line":77,"column":2},"end":{"line":81,"column":3}}}},"statementMap":{"1":{"start":{"line":25,"column":4},"end":{"line":25,"column":33}},"2":{"start":{"line":38,"column":4},"end":{"line":38,"column":45}},"3":{"start":{"line":47,"column":4},"end":{"line":47,"column":24}},"4":{"start":{"line":59,"column":4},"end":{"line":59,"column":25}},"5":{"start":{"line":69,"column":4},"end":{"line":69,"column":71}},"6":{"start":{"line":70,"column":4},"end":{"line":70,"column":37}},"7":{"start":{"line":71,"column":4},"end":{"line":71,"column":20}},"8":{"start":{"line":82,"column":4},"end":{"line":82,"column":37}},"9":{"start":{"line":83,"column":4},"end":{"line":83,"column":26}}},"branchMap":{"1":{"line":69,"type":"if","locations":[{"start":{"line":69,"column":4},"end":{"line":69,"column":4}},{"start":{"line":69,"column":4},"end":{"line":69,"column":4}}]}}},"contracts/ReservationContract.sol":{"l":{"86":15,"91":13,"95":12,"102":11,"114":11,"121":16,"125":11,"132":7,"136":3,"143":6,"147":5,"156":19,"160":13,"173":3,"174":3,"188":3,"189":3,"192":3,"193":3,"198":3,"199":3,"200":3,"214":3,"215":3,"218":3,"219":3,"224":3,"225":3,"226":3,"227":3,"240":2,"241":2,"242":2,"256":2,"257":2},"path":"/Volumes/Data/Clients/consensys/lor/truffle/contracts/ReservationContract.sol","s":{"1":15,"2":13,"3":12,"4":11,"5":11,"6":16,"7":7,"8":6,"9":19,"10":3,"11":3,"12":3,"13":3,"14":3,"15":3,"16":3,"17":3,"18":3,"19":3,"20":3,"21":3,"22":3,"23":3,"24":3,"25":2,"26":2,"27":2,"28":2},"b":{"1":[13,2],"2":[12,1],"3":[11,1],"4":[11,5],"5":[3,4],"6":[5,1],"7":[13,6],"8":[3,0],"9":[3,0],"10":[3,0],"11":[3,0]},"f":{"1":15,"2":16,"3":7,"4":6,"5":19,"6":3,"7":3,"8":3,"9":2,"10":2,"11":0},"fnMap":{"1":{"name":null,"line":74,"loc":{"start":{"line":74,"column":2},"end":{"line":84,"column":20}}},"2":{"name":"onlyVehicleOwner","line":118,"loc":{"start":{"line":118,"column":2},"end":{"line":120,"column":5}}},"3":{"name":"onlyVehicleRenter","line":129,"loc":{"start":{"line":129,"column":2},"end":{"line":131,"column":5}}},"4":{"name":"onlyContractMember","line":140,"loc":{"start":{"line":140,"column":2},"end":{"line":142,"column":5}}},"5":{"name":"inState","line":153,"loc":{"start":{"line":153,"column":2},"end":{"line":155,"column":5}}},"6":{"name":"accept","line":167,"loc":{"start":{"line":167,"column":2},"end":{"line":172,"column":3}}},"7":{"name":"start","line":182,"loc":{"start":{"line":182,"column":2},"end":{"line":187,"column":3}}},"8":{"name":"complete","line":208,"loc":{"start":{"line":208,"column":2},"end":{"line":213,"column":3}}},"9":{"name":"cancel","line":234,"loc":{"start":{"line":234,"column":2},"end":{"line":239,"column":3}}},"10":{"name":"destroy","line":251,"loc":{"start":{"line":251,"column":2},"end":{"line":255,"column":3}}},"11":{"name":null,"line":264,"loc":{"start":{"line":264,"column":2},"end":{"line":264,"column":20}}}},"statementMap":{"1":{"start":{"line":86,"column":4},"end":{"line":86,"column":2995}},"2":{"start":{"line":91,"column":4},"end":{"line":91,"column":3181}},"3":{"start":{"line":95,"column":4},"end":{"line":95,"column":3280}},"4":{"start":{"line":102,"column":4},"end":{"line":102,"column":3476}},"5":{"start":{"line":114,"column":4},"end":{"line":114,"column":61}},"6":{"start":{"line":121,"column":4},"end":{"line":121,"column":3916}},"7":{"start":{"line":132,"column":4},"end":{"line":132,"column":4112}},"8":{"start":{"line":143,"column":4},"end":{"line":143,"column":4328}},"9":{"start":{"line":156,"column":4},"end":{"line":156,"column":4609}},"10":{"start":{"line":173,"column":4},"end":{"line":173,"column":26}},"11":{"start":{"line":174,"column":4},"end":{"line":174,"column":72}},"12":{"start":{"line":188,"column":4},"end":{"line":188,"column":23}},"13":{"start":{"line":189,"column":4},"end":{"line":189,"column":53}},"14":{"start":{"line":192,"column":4},"end":{"line":192,"column":61}},"15":{"start":{"line":193,"column":4},"end":{"line":193,"column":5802}},"16":{"start":{"line":198,"column":4},"end":{"line":198,"column":22}},"17":{"start":{"line":200,"column":4},"end":{"line":200,"column":69}},"18":{"start":{"line":214,"column":4},"end":{"line":214,"column":26}},"19":{"start":{"line":215,"column":4},"end":{"line":215,"column":61}},"20":{"start":{"line":218,"column":4},"end":{"line":218,"column":61}},"21":{"start":{"line":219,"column":4},"end":{"line":219,"column":6729}},"22":{"start":{"line":224,"column":4},"end":{"line":224,"column":32}},"23":{"start":{"line":225,"column":4},"end":{"line":225,"column":47}},"24":{"start":{"line":227,"column":4},"end":{"line":227,"column":72}},"25":{"start":{"line":240,"column":4},"end":{"line":240,"column":25}},"26":{"start":{"line":242,"column":4},"end":{"line":242,"column":71}},"27":{"start":{"line":256,"column":4},"end":{"line":256,"column":63}},"28":{"start":{"line":257,"column":4},"end":{"line":257,"column":30}}},"branchMap":{"1":{"line":86,"type":"if","locations":[{"start":{"line":86,"column":4},"end":{"line":86,"column":4}},{"start":{"line":86,"column":4},"end":{"line":86,"column":4}}]},"2":{"line":91,"type":"if","locations":[{"start":{"line":91,"column":4},"end":{"line":91,"column":4}},{"start":{"line":91,"column":4},"end":{"line":91,"column":4}}]},"3":{"line":95,"type":"if","locations":[{"start":{"line":95,"column":4},"end":{"line":95,"column":4}},{"start":{"line":95,"column":4},"end":{"line":95,"column":4}}]},"4":{"line":121,"type":"if","locations":[{"start":{"line":121,"column":4},"end":{"line":121,"column":4}},{"start":{"line":121,"column":4},"end":{"line":121,"column":4}}]},"5":{"line":132,"type":"if","locations":[{"start":{"line":132,"column":4},"end":{"line":132,"column":4}},{"start":{"line":132,"column":4},"end":{"line":132,"column":4}}]},"6":{"line":143,"type":"if","locations":[{"start":{"line":143,"column":4},"end":{"line":143,"column":4}},{"start":{"line":143,"column":4},"end":{"line":143,"column":4}}]},"7":{"line":156,"type":"if","locations":[{"start":{"line":156,"column":4},"end":{"line":156,"column":4}},{"start":{"line":156,"column":4},"end":{"line":156,"column":4}}]},"8":{"line":192,"type":"if","locations":[{"start":{"line":192,"column":4},"end":{"line":192,"column":4}},{"start":{"line":192,"column":4},"end":{"line":192,"column":4}}]},"9":{"line":193,"type":"if","locations":[{"start":{"line":193,"column":4},"end":{"line":193,"column":4}},{"start":{"line":193,"column":4},"end":{"line":193,"column":4}}]},"10":{"line":218,"type":"if","locations":[{"start":{"line":218,"column":4},"end":{"line":218,"column":4}},{"start":{"line":218,"column":4},"end":{"line":218,"column":4}}]},"11":{"line":219,"type":"if","locations":[{"start":{"line":219,"column":4},"end":{"line":219,"column":4}},{"start":{"line":219,"column":4},"end":{"line":219,"column":4}}]}}},"contracts/ReservationContractFactory.sol":{"l":{"55":4,"59":4,"81":4,"114":4,"120":4,"128":4,"134":4,"146":4,"147":4,"148":4,"150":4,"152":4,"164":1,"176":2,"187":1,"188":1,"199":1,"200":1,"211":1,"212":1,"223":1,"224":1},"path":"/Volumes/Data/Clients/consensys/lor/truffle/contracts/ReservationContractFactory.sol","s":{"1":4,"2":4,"3":4,"4":4,"5":4,"6":4,"7":4,"8":4,"9":4,"10":1,"11":2,"12":1,"13":1,"14":1,"15":1,"16":1,"17":1,"18":1,"19":1},"b":{"1":[4,0],"2":[4,0],"3":[4,0]},"f":{"1":1,"2":4,"3":4,"4":4,"5":1,"6":2,"7":1,"8":1,"9":1,"10":1,"11":0},"fnMap":{"1":{"name":null,"line":47,"loc":{"start":{"line":47,"column":2},"end":{"line":47,"column":22}}},"2":{"name":"validReservation","line":52,"loc":{"start":{"line":52,"column":2},"end":{"line":54,"column":5}}},"3":{"name":"createReservationId","line":69,"loc":{"start":{"line":69,"column":2},"end":{"line":78,"column":3}}},"4":{"name":"createReservation","line":99,"loc":{"start":{"line":99,"column":2},"end":{"line":112,"column":3}}},"5":{"name":"getReservationById","line":159,"loc":{"start":{"line":159,"column":2},"end":{"line":163,"column":3}}},"6":{"name":"getReservationsByUserId","line":171,"loc":{"start":{"line":171,"column":2},"end":{"line":175,"column":3}}},"7":{"name":"accept","line":183,"loc":{"start":{"line":183,"column":2},"end":{"line":186,"column":3}}},"8":{"name":"start","line":195,"loc":{"start":{"line":195,"column":2},"end":{"line":198,"column":3}}},"9":{"name":"complete","line":207,"loc":{"start":{"line":207,"column":2},"end":{"line":210,"column":3}}},"10":{"name":"cancel","line":219,"loc":{"start":{"line":219,"column":2},"end":{"line":222,"column":3}}},"11":{"name":null,"line":228,"loc":{"start":{"line":228,"column":2},"end":{"line":228,"column":20}}}},"statementMap":{"1":{"start":{"line":55,"column":4},"end":{"line":55,"column":1599}},"2":{"start":{"line":81,"column":4},"end":{"line":81,"column":2296}},"3":{"start":{"line":114,"column":4},"end":{"line":114,"column":3228}},"4":{"start":{"line":120,"column":4},"end":{"line":120,"column":3402}},"5":{"start":{"line":128,"column":4},"end":{"line":128,"column":3562}},"6":{"start":{"line":134,"column":4},"end":{"line":134,"column":3709}},"7":{"start":{"line":146,"column":4},"end":{"line":146,"column":36}},"8":{"start":{"line":150,"column":4},"end":{"line":150,"column":60}},"9":{"start":{"line":152,"column":4},"end":{"line":152,"column":16}},"10":{"start":{"line":164,"column":4},"end":{"line":164,"column":35}},"11":{"start":{"line":176,"column":4},"end":{"line":176,"column":40}},"12":{"start":{"line":187,"column":4},"end":{"line":187,"column":48}},"13":{"start":{"line":188,"column":4},"end":{"line":188,"column":54}},"14":{"start":{"line":199,"column":4},"end":{"line":199,"column":48}},"15":{"start":{"line":200,"column":4},"end":{"line":200,"column":55}},"16":{"start":{"line":211,"column":4},"end":{"line":211,"column":48}},"17":{"start":{"line":212,"column":4},"end":{"line":212,"column":55}},"18":{"start":{"line":223,"column":4},"end":{"line":223,"column":48}},"19":{"start":{"line":224,"column":4},"end":{"line":224,"column":53}}},"branchMap":{"1":{"line":55,"type":"if","locations":[{"start":{"line":55,"column":4},"end":{"line":55,"column":4}},{"start":{"line":55,"column":4},"end":{"line":55,"column":4}}]},"2":{"line":114,"type":"if","locations":[{"start":{"line":114,"column":4},"end":{"line":114,"column":4}},{"start":{"line":114,"column":4},"end":{"line":114,"column":4}}]},"3":{"line":128,"type":"if","locations":[{"start":{"line":128,"column":4},"end":{"line":128,"column":4}},{"start":{"line":128,"column":4},"end":{"line":128,"column":4}}]}}}}