TN:
SF:/Volumes/Data/Clients/consensys/lor/truffle/contracts/ProofOfLicenseOracle.sol
FN:24,
FN:33,proofFor
FN:44,storeProof
FN:54,hasProof
FN:66,notarize
FN:77,checkLicense
FNF:6
FNH:6
FNDA:1,
FNDA:5,proofFor
FNDA:2,storeProof
FNDA:2,hasProof
FNDA:3,notarize
FNDA:2,checkLicense
DA:25,1
DA:38,5
DA:47,2
DA:59,2
DA:69,3
DA:70,2
DA:71,2
DA:82,2
DA:83,2
LF:9
LH:9
BRDA:69,1,0,2
BRDA:69,1,1,1
BRF:2
BRH:2
end_of_record
TN:
SF:/Volumes/Data/Clients/consensys/lor/truffle/contracts/ReservationContract.sol
FN:74,
FN:118,onlyVehicleOwner
FN:129,onlyVehicleRenter
FN:140,onlyContractMember
FN:153,inState
FN:167,accept
FN:182,start
FN:208,complete
FN:234,cancel
FN:251,destroy
FN:264,
FNF:11
FNH:10
FNDA:15,
FNDA:16,onlyVehicleOwner
FNDA:7,onlyVehicleRenter
FNDA:6,onlyContractMember
FNDA:19,inState
FNDA:3,accept
FNDA:3,start
FNDA:3,complete
FNDA:2,cancel
FNDA:2,destroy
FNDA:0,
DA:86,15
DA:91,13
DA:95,12
DA:102,11
DA:114,11
DA:121,16
DA:125,11
DA:132,7
DA:136,3
DA:143,6
DA:147,5
DA:156,19
DA:160,13
DA:173,3
DA:174,3
DA:188,3
DA:189,3
DA:192,3
DA:193,3
DA:198,3
DA:199,3
DA:200,3
DA:214,3
DA:215,3
DA:218,3
DA:219,3
DA:224,3
DA:225,3
DA:226,3
DA:227,3
DA:240,2
DA:241,2
DA:242,2
DA:256,2
DA:257,2
LF:35
LH:35
BRDA:86,1,0,13
BRDA:86,1,1,2
BRDA:91,2,0,12
BRDA:91,2,1,1
BRDA:95,3,0,11
BRDA:95,3,1,1
BRDA:121,4,0,11
BRDA:121,4,1,5
BRDA:132,5,0,3
BRDA:132,5,1,4
BRDA:143,6,0,5
BRDA:143,6,1,1
BRDA:156,7,0,13
BRDA:156,7,1,6
BRDA:192,8,0,3
BRDA:192,8,1,0
BRDA:193,9,0,3
BRDA:193,9,1,0
BRDA:218,10,0,3
BRDA:218,10,1,0
BRDA:219,11,0,3
BRDA:219,11,1,0
BRF:22
BRH:18
end_of_record
TN:
SF:/Volumes/Data/Clients/consensys/lor/truffle/contracts/ReservationContractFactory.sol
FN:47,
FN:52,validReservation
FN:69,createReservationId
FN:99,createReservation
FN:159,getReservationById
FN:171,getReservationsByUserId
FN:183,accept
FN:195,start
FN:207,complete
FN:219,cancel
FN:228,
FNF:11
FNH:10
FNDA:1,
FNDA:4,validReservation
FNDA:4,createReservationId
FNDA:4,createReservation
FNDA:1,getReservationById
FNDA:2,getReservationsByUserId
FNDA:1,accept
FNDA:1,start
FNDA:1,complete
FNDA:1,cancel
FNDA:0,
DA:55,4
DA:59,4
DA:81,4
DA:114,4
DA:120,4
DA:128,4
DA:134,4
DA:146,4
DA:147,4
DA:148,4
DA:150,4
DA:152,4
DA:164,1
DA:176,2
DA:187,1
DA:188,1
DA:199,1
DA:200,1
DA:211,1
DA:212,1
DA:223,1
DA:224,1
LF:22
LH:22
BRDA:55,1,0,4
BRDA:55,1,1,0
BRDA:114,2,0,4
BRDA:114,2,1,0
BRDA:128,3,0,4
BRDA:128,3,1,0
BRF:6
BRH:3
end_of_record
